<?xml version="1.0" encoding="UTF-8"?>
<testsuite xmlns:xsi="http://www.w3.org/2001/XMLSchema-instance" xsi:noNamespaceSchemaLocation="https://maven.apache.org/surefire/maven-surefire-plugin/xsd/surefire-test-report-3.0.xsd" version="3.0" name="com.libreria.controller.ProductoControllerTest" time="0.106" tests="15" errors="0" skipped="0" failures="0">
  <properties>
[...]
</properties>
  <testcase name="testValidarCategoriaRequerida" classname="com.libreria.controller.ProductoControllerTest" time="0.034"/>
  <testcase name="testBuscarProductoInexistente" classname="com.libreria.controller.ProductoControllerTest" time="0.007"/>
  <testcase name="testValidarStockNoNegativo" classname="com.libreria.controller.ProductoControllerTest" time="0.0"/>
  <testcase name="testValidarNombreRequerido" classname="com.libreria.controller.ProductoControllerTest" time="0.006"/>
  <testcase name="testVerificarStockInsuficiente" classname="com.libreria.controller.ProductoControllerTest" time="0.004"/>
  <testcase name="testIncrementarStock" classname="com.libreria.controller.ProductoControllerTest" time="0.002"/>
  <testcase name="testBuscarProductoExistente" classname="com.libreria.controller.ProductoControllerTest" time="0.003"/>
  <testcase name="testVerificarStockSuficiente" classname="com.libreria.controller.ProductoControllerTest" time="0.007"/>
  <testcase name="testActualizarProductoExistente" classname="com.libreria.controller.ProductoControllerTest" time="0.006"/>
  <testcase name="testValidarPrecioMayorCero" classname="com.libreria.controller.ProductoControllerTest" time="0.005"/>
  <testcase name="testListarTodosProductos" classname="com.libreria.controller.ProductoControllerTest" time="0.002"/>
  <testcase name="testBuscarPorCategoria" classname="com.libreria.controller.ProductoControllerTest" time="0.007"/>
  <testcase name="testEliminarProducto" classname="com.libreria.controller.ProductoControllerTest" time="0.004"/>
  <testcase name="testStockInsuficiente" classname="com.libreria.controller.ProductoControllerTest" time="0.005"/>
  <testcase name="testCrearProductoConCodigoAutomatico" classname="com.libreria.controller.ProductoControllerTest" time="0.006"/>
</testsuite>