<?xml version="1.0" encoding="UTF-8"?>
<testsuite xmlns:xsi="http://www.w3.org/2001/XMLSchema-instance" xsi:noNamespaceSchemaLocation="https://maven.apache.org/surefire/maven-surefire-plugin/xsd/surefire-test-report-3.0.xsd" version="3.0" name="com.libreria.dao.ProductoDAOTest" time="0.634" tests="11" errors="0" skipped="0" failures="0">
  <properties>
[...]
</properties>
  <testcase name="testCrearProductoValido" classname="com.libreria.dao.ProductoDAOTest" time="0.027">
    <system-out><![CDATA[
========================================
🚀 Iniciando Base de Datos H2 para Tests
========================================
✅ Conexión H2 establecida: jdbc:h2:mem:testdb;MODE=MySQL;DB_CLOSE_DELAY=-1;DATABASE_TO_UPPER=false
📋 Creando esquema de base de datos...
✅ Esquema creado exitosamente
✅ Configuración completada
📊 Modo Test: true
========================================

→ Preparando test...
📝 Insertando datos de prueba...
✅ Datos de prueba insertados: 5 productos, 2 usuarios
✓ Producto creado con ID: 6
→ Limpiando después del test...

🧹 Base de datos limpiada
]]></system-out>
  </testcase>
  <testcase name="testCrearProductoCodigoDuplicado" classname="com.libreria.dao.ProductoDAOTest" time="0.015">
    <system-out><![CDATA[→ Preparando test...
📝 Insertando datos de prueba...
✅ Datos de prueba insertados: 5 productos, 2 usuarios
✓ Validación de código único funcionando
→ Limpiando después del test...

🧹 Base de datos limpiada
]]></system-out>
  </testcase>
  <testcase name="testObtenerProductoPorIdExistente" classname="com.libreria.dao.ProductoDAOTest" time="0.017">
    <system-out><![CDATA[→ Preparando test...
📝 Insertando datos de prueba...
✅ Datos de prueba insertados: 5 productos, 2 usuarios
✓ Producto recuperado: Cuaderno A4 Universitario
→ Limpiando después del test...

🧹 Base de datos limpiada
]]></system-out>
  </testcase>
  <testcase name="testObtenerProductoPorIdInexistente" classname="com.libreria.dao.ProductoDAOTest" time="0.015">
    <system-out><![CDATA[→ Preparando test...
📝 Insertando datos de prueba...
✅ Datos de prueba insertados: 5 productos, 2 usuarios
✓ Manejo correcto de ID inexistente
→ Limpiando después del test...

🧹 Base de datos limpiada
]]></system-out>
  </testcase>
  <testcase name="testObtenerTodosLosProductos" classname="com.libreria.dao.ProductoDAOTest" time="0.016">
    <system-out><![CDATA[→ Preparando test...
📝 Insertando datos de prueba...
✅ Datos de prueba insertados: 5 productos, 2 usuarios
✓ 5 productos recuperados
→ Limpiando después del test...

🧹 Base de datos limpiada
]]></system-out>
  </testcase>
  <testcase name="testActualizarProductoExistente" classname="com.libreria.dao.ProductoDAOTest" time="0.025">
    <system-out><![CDATA[→ Preparando test...
📝 Insertando datos de prueba...
✅ Datos de prueba insertados: 5 productos, 2 usuarios
✓ Producto actualizado exitosamente
  Nombre: Lapicero Azul Faber-Castell → Lapicero Actualizado
  Precio: S/.2.5 → S/.5.0
→ Limpiando después del test...

🧹 Base de datos limpiada
]]></system-out>
  </testcase>
  <testcase name="testActualizarStock" classname="com.libreria.dao.ProductoDAOTest" time="0.014">
    <system-out><![CDATA[→ Preparando test...
📝 Insertando datos de prueba...
✅ Datos de prueba insertados: 5 productos, 2 usuarios
✓ Stock actualizado: 50 → 40
→ Limpiando después del test...

🧹 Base de datos limpiada
]]></system-out>
  </testcase>
  <testcase name="testEliminarProductoExistente" classname="com.libreria.dao.ProductoDAOTest" time="0.03">
    <system-out><![CDATA[→ Preparando test...
📝 Insertando datos de prueba...
✅ Datos de prueba insertados: 5 productos, 2 usuarios
✓ Producto eliminado correctamente
→ Limpiando después del test...

🧹 Base de datos limpiada
]]></system-out>
  </testcase>
  <testcase name="testEliminarProductoInexistente" classname="com.libreria.dao.ProductoDAOTest" time="0.015">
    <system-out><![CDATA[→ Preparando test...
📝 Insertando datos de prueba...
✅ Datos de prueba insertados: 5 productos, 2 usuarios
✓ Eliminación de ID inexistente manejada correctamente
→ Limpiando después del test...

🧹 Base de datos limpiada
]]></system-out>
  </testcase>
  <testcase name="testCrearMultiplesProductos" classname="com.libreria.dao.ProductoDAOTest" time="0.023">
    <system-out><![CDATA[→ Preparando test...
📝 Insertando datos de prueba...
✅ Datos de prueba insertados: 5 productos, 2 usuarios
✓ Múltiples productos creados correctamente
→ Limpiando después del test...

🧹 Base de datos limpiada
]]></system-out>
  </testcase>
  <testcase name="testMapeoCompletoProducto" classname="com.libreria.dao.ProductoDAOTest" time="0.02">
    <system-out><![CDATA[→ Preparando test...
📝 Insertando datos de prueba...
✅ Datos de prueba insertados: 5 productos, 2 usuarios
✓ Todos los campos mapeados correctamente
→ Limpiando después del test...

🧹 Base de datos limpiada
]]></system-out>
  </testcase>
</testsuite>